2024-12-13 12:34:33,814 [Worker-2: Loading available Gradle versions] INFO  o.e.b.c.i.u.g.PublishedGradleVersions - Gradle version information cache is up-to-date. Trying to read.
2024-12-13 12:46:52,182 [Worker-19: Import Getting Started Content] INFO  o.e.m.c.i.l.LifecycleMappingFactory - Using org.eclipse.m2e.jdt.JarLifecycleMapping lifecycle mapping for MavenProject: com.example:AllenPader_FinalTest_COMP303:0.0.1-SNAPSHOT @ C:\Users\A\Desktop\Final303\AllenPader_FinalTest_COMP303\pom.xml.
2024-12-13 12:46:53,370 [Worker-19: Import Getting Started Content] INFO  o.e.m.j.i.AbstractJavaProjectConfigurator - Adding source folder /AllenPader_FinalTest_COMP303/src/main/java
2024-12-13 12:46:53,370 [Worker-19: Import Getting Started Content] INFO  o.e.m.j.i.AbstractJavaProjectConfigurator - Adding resource folder /AllenPader_FinalTest_COMP303/src/main/resources
2024-12-13 12:46:53,374 [Worker-19: Import Getting Started Content] INFO  o.e.m.j.i.AbstractJavaProjectConfigurator - Adding resource folder /AllenPader_FinalTest_COMP303/src/main/resources
2024-12-13 12:46:53,378 [Worker-19: Import Getting Started Content] INFO  o.e.m.j.i.AbstractJavaProjectConfigurator - Adding source folder /AllenPader_FinalTest_COMP303/src/test/java
2024-12-13 12:46:53,378 [Worker-19: Import Getting Started Content] INFO  o.e.m.j.i.AbstractJavaProjectConfigurator - Adding resource folder /AllenPader_FinalTest_COMP303/src/test/resources
2024-12-13 12:46:53,894 [Worker-19: Import Getting Started Content] INFO  o.e.m.c.i.p.ProjectConfigurationManager - Imported and configured 1 project(s) in 2 sec
2024-12-13 12:46:53,896 [Worker-19: Import Getting Started Content] INFO  o.e.m.c.i.p.ProjectConfigurationManager - Update started
2024-12-13 12:46:54,234 [Worker-19: Import Getting Started Content] INFO  o.e.m.c.i.l.LifecycleMappingFactory - Using org.eclipse.m2e.jdt.JarLifecycleMapping lifecycle mapping for MavenProject: com.example:AllenPader_FinalTest_COMP303:0.0.1-SNAPSHOT @ C:\Users\A\Desktop\Final303\AllenPader_FinalTest_COMP303\pom.xml.
2024-12-13 12:46:54,893 [Worker-19: Import Getting Started Content] INFO  o.e.m.j.i.AbstractJavaProjectConfigurator - Adding source folder /AllenPader_FinalTest_COMP303/src/main/java
2024-12-13 12:46:54,894 [Worker-19: Import Getting Started Content] INFO  o.e.m.j.i.AbstractJavaProjectConfigurator - Adding resource folder /AllenPader_FinalTest_COMP303/src/main/resources
2024-12-13 12:46:54,894 [Worker-19: Import Getting Started Content] INFO  o.e.m.j.i.AbstractJavaProjectConfigurator - Adding resource folder /AllenPader_FinalTest_COMP303/src/main/resources
2024-12-13 12:46:54,895 [Worker-19: Import Getting Started Content] INFO  o.e.m.j.i.AbstractJavaProjectConfigurator - Adding source folder /AllenPader_FinalTest_COMP303/src/test/java
2024-12-13 12:46:54,895 [Worker-19: Import Getting Started Content] INFO  o.e.m.j.i.AbstractJavaProjectConfigurator - Adding resource folder /AllenPader_FinalTest_COMP303/src/test/resources
2024-12-13 12:46:55,594 [Worker-19: Import Getting Started Content] INFO  o.e.m.c.i.p.ProjectConfigurationManager - Update completed for 1 poms: local refresh takes 0.00 sec, refresh facades takes 0.00 sec, update config takes 0.00 sec 
2024-12-13 12:46:56,219 [Worker-18: Building] INFO  o.a.m.s.f.DefaultMavenResourcesFiltering - Copying 1 resource from src\main\resources to target\classes
2024-12-13 12:46:56,231 [Worker-18: Building] INFO  o.a.m.s.f.DefaultMavenResourcesFiltering - Copying 0 resource from src\main\resources to target\classes
2024-12-13 12:46:56,236 [Worker-18: Building] INFO  o.a.m.s.f.DefaultMavenResourcesFiltering - skip non existing resourceDirectory C:\Users\A\Desktop\Final303\AllenPader_FinalTest_COMP303\src\test\resources
2024-12-13 13:30:08,238 [Worker-34: Building] INFO  o.a.m.s.f.DefaultMavenResourcesFiltering - Copying 1 resource from src\main\resources to target\classes
2024-12-13 13:30:08,250 [Worker-34: Building] INFO  o.a.m.s.f.DefaultMavenResourcesFiltering - Copying 0 resource from src\main\resources to target\classes
2024-12-13 13:30:08,255 [Worker-34: Building] INFO  o.a.m.s.f.DefaultMavenResourcesFiltering - skip non existing resourceDirectory C:\Users\A\Desktop\Final303\AllenPader_FinalTest_COMP303\src\test\resources
2024-12-13 13:50:00,563 [Worker-38: Building] INFO  o.a.m.s.f.DefaultMavenResourcesFiltering - Copying 1 resource from src\main\resources to target\classes
2024-12-13 13:50:00,589 [Worker-38: Building] INFO  o.a.m.s.f.DefaultMavenResourcesFiltering - Copying 0 resource from src\main\resources to target\classes
2024-12-13 13:50:00,593 [Worker-38: Building] INFO  o.a.m.s.f.DefaultMavenResourcesFiltering - skip non existing resourceDirectory C:\Users\A\Desktop\Final303\AllenPader_FinalTest_COMP303\src\test\resources
2024-12-13 13:53:30,450 [Worker-38: Building] INFO  o.a.m.s.f.DefaultMavenResourcesFiltering - Copying 1 resource from src\main\resources to target\classes
2024-12-13 13:53:30,481 [Worker-38: Building] INFO  o.a.m.s.f.DefaultMavenResourcesFiltering - Copying 0 resource from src\main\resources to target\classes
2024-12-13 13:53:30,485 [Worker-38: Building] INFO  o.a.m.s.f.DefaultMavenResourcesFiltering - skip non existing resourceDirectory C:\Users\A\Desktop\Final303\AllenPader_FinalTest_COMP303\src\test\resources
2024-12-13 14:18:51,238 [Worker-45: Launching AllenPader_FinalTest_COMP303 - AllenPaderFinalTestComp303Application] INFO  o.a.m.s.f.DefaultMavenResourcesFiltering - Copying 1 resource from src\main\resources to target\classes
2024-12-13 14:18:51,255 [Worker-45: Launching AllenPader_FinalTest_COMP303 - AllenPaderFinalTestComp303Application] INFO  o.a.m.s.f.DefaultMavenResourcesFiltering - Copying 0 resource from src\main\resources to target\classes
2024-12-13 14:18:51,260 [Worker-45: Launching AllenPader_FinalTest_COMP303 - AllenPaderFinalTestComp303Application] INFO  o.a.m.s.f.DefaultMavenResourcesFiltering - skip non existing resourceDirectory C:\Users\A\Desktop\Final303\AllenPader_FinalTest_COMP303\src\test\resources
2024-12-13 16:14:14,156 [Worker-54: Launching AllenPader_FinalTest_COMP303 - AllenPaderFinalTestComp303Application] INFO  o.a.m.s.f.DefaultMavenResourcesFiltering - Copying 1 resource from src\main\resources to target\classes
2024-12-13 16:14:14,254 [Worker-54: Launching AllenPader_FinalTest_COMP303 - AllenPaderFinalTestComp303Application] INFO  o.a.m.s.f.DefaultMavenResourcesFiltering - Copying 0 resource from src\main\resources to target\classes
2024-12-13 16:14:14,257 [Worker-54: Launching AllenPader_FinalTest_COMP303 - AllenPaderFinalTestComp303Application] INFO  o.a.m.s.f.DefaultMavenResourcesFiltering - skip non existing resourceDirectory C:\Users\A\Desktop\Final303\AllenPader_FinalTest_COMP303\src\test\resources
2024-12-13 16:38:42,615 [Worker-61: Building] INFO  o.a.m.s.f.DefaultMavenResourcesFiltering - Copying 1 resource from src\main\resources to target\classes
2024-12-13 16:38:42,620 [Worker-61: Building] INFO  o.a.m.s.f.DefaultMavenResourcesFiltering - Copying 0 resource from src\main\resources to target\classes
2024-12-13 16:38:42,622 [Worker-61: Building] INFO  o.a.m.s.f.DefaultMavenResourcesFiltering - skip non existing resourceDirectory C:\Users\A\Desktop\Final303\AllenPader_FinalTest_COMP303\src\test\resources
2024-12-13 16:45:59,241 [Start Help Server] INFO  org.eclipse.jetty.server.Server - jetty-12.0.3; built: 2023-10-27T03:25:22.284Z; git: a873259fd5af141dedaa6c7fa8fe8fbdedce0d61; jvm 21+35-LTS-2513
2024-12-13 16:45:59,278 [Start Help Server] INFO  o.e.j.server.handler.ContextHandler - Started oeje8n.ContextHandler$CoreContextHandler@191a4e92{/help,/help,b=null,a=AVAILABLE,h=oeje8n.ContextHandler$CoreContextHandler$CoreToNestedHandler@3c47d17b{STARTED}}
2024-12-13 16:45:59,279 [Start Help Server] INFO  o.e.j.s.DefaultSessionIdManager - Session workerName=node0
2024-12-13 16:45:59,299 [Start Help Server] INFO  o.e.jetty.server.AbstractConnector - Started ServerConnector@1fc2ce30{HTTP/1.1, (http/1.1)}{127.0.0.1:45367}
2024-12-13 16:45:59,303 [Start Help Server] INFO  org.eclipse.jetty.server.Server - Started oejs.Server@566a5f73{STARTING}[12.0.3,sto=0] @15117446ms
2024-12-13 16:46:46,388 [Worker-67: Launching AllenPader_FinalTest_COMP303 - AllenPaderFinalTestComp303Application] INFO  o.a.m.s.f.DefaultMavenResourcesFiltering - Copying 1 resource from src\main\resources to target\classes
2024-12-13 16:46:46,394 [Worker-67: Launching AllenPader_FinalTest_COMP303 - AllenPaderFinalTestComp303Application] INFO  o.a.m.s.f.DefaultMavenResourcesFiltering - Copying 0 resource from src\main\resources to target\classes
2024-12-13 16:46:46,398 [Worker-67: Launching AllenPader_FinalTest_COMP303 - AllenPaderFinalTestComp303Application] INFO  o.a.m.s.f.DefaultMavenResourcesFiltering - skip non existing resourceDirectory C:\Users\A\Desktop\Final303\AllenPader_FinalTest_COMP303\src\test\resources
2024-12-13 16:57:19,593 [Worker-72: Launching AllenPader_FinalTest_COMP303 - AllenPaderFinalTestComp303Application] INFO  o.a.m.s.f.DefaultMavenResourcesFiltering - Copying 1 resource from src\main\resources to target\classes
2024-12-13 16:57:19,608 [Worker-72: Launching AllenPader_FinalTest_COMP303 - AllenPaderFinalTestComp303Application] INFO  o.a.m.s.f.DefaultMavenResourcesFiltering - Copying 0 resource from src\main\resources to target\classes
2024-12-13 16:57:19,611 [Worker-72: Launching AllenPader_FinalTest_COMP303 - AllenPaderFinalTestComp303Application] INFO  o.a.m.s.f.DefaultMavenResourcesFiltering - skip non existing resourceDirectory C:\Users\A\Desktop\Final303\AllenPader_FinalTest_COMP303\src\test\resources
2024-12-13 17:02:26,037 [Worker-66: Building] INFO  o.a.m.s.f.DefaultMavenResourcesFiltering - Copying 1 resource from src\main\resources to target\classes
2024-12-13 17:02:26,045 [Worker-66: Building] INFO  o.a.m.s.f.DefaultMavenResourcesFiltering - Copying 0 resource from src\main\resources to target\classes
2024-12-13 17:02:26,049 [Worker-66: Building] INFO  o.a.m.s.f.DefaultMavenResourcesFiltering - skip non existing resourceDirectory C:\Users\A\Desktop\Final303\AllenPader_FinalTest_COMP303\src\test\resources
2024-12-13 17:02:48,120 [Worker-67: Launching AllenPader_FinalTest_COMP303 - AllenPaderFinalTestComp303Application] INFO  o.a.m.s.f.DefaultMavenResourcesFiltering - Copying 1 resource from src\main\resources to target\classes
2024-12-13 17:02:48,129 [Worker-67: Launching AllenPader_FinalTest_COMP303 - AllenPaderFinalTestComp303Application] INFO  o.a.m.s.f.DefaultMavenResourcesFiltering - Copying 0 resource from src\main\resources to target\classes
2024-12-13 17:02:48,133 [Worker-67: Launching AllenPader_FinalTest_COMP303 - AllenPaderFinalTestComp303Application] INFO  o.a.m.s.f.DefaultMavenResourcesFiltering - skip non existing resourceDirectory C:\Users\A\Desktop\Final303\AllenPader_FinalTest_COMP303\src\test\resources
2024-12-13 17:03:50,662 [Worker-74: Launching AllenPader_FinalTest_COMP303 - AllenPaderFinalTestComp303Application] INFO  o.e.m.c.i.l.LifecycleMappingFactory - Using org.eclipse.m2e.jdt.JarLifecycleMapping lifecycle mapping for MavenProject: com.example:AllenPader_FinalTest_COMP303:0.0.1-SNAPSHOT @ C:\Users\A\Desktop\Final303\AllenPader_FinalTest_COMP303\pom.xml.
2024-12-13 17:03:51,333 [Worker-74: Launching AllenPader_FinalTest_COMP303 - AllenPaderFinalTestComp303Application] INFO  o.a.m.s.f.DefaultMavenResourcesFiltering - Copying 0 resource from src\main\resources to target\classes
2024-12-13 17:03:51,333 [Worker-74: Launching AllenPader_FinalTest_COMP303 - AllenPaderFinalTestComp303Application] INFO  o.a.m.s.f.DefaultMavenResourcesFiltering - Copying 0 resource from src\main\resources to target\classes
2024-12-13 17:03:51,337 [Worker-74: Launching AllenPader_FinalTest_COMP303 - AllenPaderFinalTestComp303Application] INFO  o.a.m.s.f.DefaultMavenResourcesFiltering - skip non existing resourceDirectory C:\Users\A\Desktop\Final303\AllenPader_FinalTest_COMP303\src\test\resources
2024-12-13 17:05:59,507 [Worker-67: Launching AllenPader_FinalTest_COMP303 - AllenPaderFinalTestComp303Application] INFO  o.a.m.s.f.DefaultMavenResourcesFiltering - Copying 1 resource from src\main\resources to target\classes
2024-12-13 17:05:59,523 [Worker-67: Launching AllenPader_FinalTest_COMP303 - AllenPaderFinalTestComp303Application] INFO  o.a.m.s.f.DefaultMavenResourcesFiltering - Copying 0 resource from src\main\resources to target\classes
2024-12-13 17:05:59,526 [Worker-67: Launching AllenPader_FinalTest_COMP303 - AllenPaderFinalTestComp303Application] INFO  o.a.m.s.f.DefaultMavenResourcesFiltering - skip non existing resourceDirectory C:\Users\A\Desktop\Final303\AllenPader_FinalTest_COMP303\src\test\resources
2024-12-13 17:10:13,336 [Worker-68: Building] INFO  o.a.m.s.f.DefaultMavenResourcesFiltering - Copying 1 resource from src\main\resources to target\classes
2024-12-13 17:10:13,340 [Worker-68: Building] INFO  o.a.m.s.f.DefaultMavenResourcesFiltering - Copying 0 resource from src\main\resources to target\classes
2024-12-13 17:10:13,343 [Worker-68: Building] INFO  o.a.m.s.f.DefaultMavenResourcesFiltering - skip non existing resourceDirectory C:\Users\A\Desktop\Final303\AllenPader_FinalTest_COMP303\src\test\resources
2024-12-13 18:01:53,678 [Worker-68: Launching AllenPader_FinalTest_COMP303 - AllenPaderFinalTestComp303Application] INFO  o.a.m.s.f.DefaultMavenResourcesFiltering - Copying 1 resource from src\main\resources to target\classes
2024-12-13 18:01:53,688 [Worker-68: Launching AllenPader_FinalTest_COMP303 - AllenPaderFinalTestComp303Application] INFO  o.a.m.s.f.DefaultMavenResourcesFiltering - Copying 0 resource from src\main\resources to target\classes
2024-12-13 18:01:53,692 [Worker-68: Launching AllenPader_FinalTest_COMP303 - AllenPaderFinalTestComp303Application] INFO  o.a.m.s.f.DefaultMavenResourcesFiltering - skip non existing resourceDirectory C:\Users\A\Desktop\Final303\AllenPader_FinalTest_COMP303\src\test\resources
2024-12-13 19:07:09,220 [Worker-104: Launching AllenPader_FinalTest_COMP303 - AllenPaderFinalTestComp303Application] INFO  o.a.m.s.f.DefaultMavenResourcesFiltering - Copying 1 resource from src\main\resources to target\classes
2024-12-13 19:07:09,249 [Worker-104: Launching AllenPader_FinalTest_COMP303 - AllenPaderFinalTestComp303Application] INFO  o.a.m.s.f.DefaultMavenResourcesFiltering - Copying 0 resource from src\main\resources to target\classes
2024-12-13 19:07:09,254 [Worker-104: Launching AllenPader_FinalTest_COMP303 - AllenPaderFinalTestComp303Application] INFO  o.a.m.s.f.DefaultMavenResourcesFiltering - skip non existing resourceDirectory C:\Users\A\Desktop\Final303\AllenPader_FinalTest_COMP303\src\test\resources
